#
# There is insufficient memory for the Java Runtime Environment to continue.
# Native memory allocation (malloc) failed to allocate 2177776 bytes for Chunk::new
# Possible reasons:
#   The system is out of physical RAM or swap space
#   The process is running with CompressedOops enabled, and the Java Heap may be blocking the growth of the native heap
# Possible solutions:
#   Reduce memory load on the system
#   Increase physical memory or swap space
#   Check if swap backing store is full
#   Decrease Java heap size (-Xmx/-Xms)
#   Decrease number of Java threads
#   Decrease Java thread stack sizes (-Xss)
#   Set larger code cache with -XX:ReservedCodeCacheSize=
#   JVM is running with Unscaled Compressed Oops mode in which the Java heap is
#     placed in the first 4GB address space. The Java Heap base address is the
#     maximum limit for the native heap growth. Please use -XX:HeapBaseMinAddress
#     to set the Java Heap base and to place the Java Heap above 4GB virtual address.
# This output file may be truncated or incomplete.
#
#  Out of Memory Error (allocation.cpp:389), pid=11792, tid=0x0000000000001110
#
# JRE version: Java(TM) SE Runtime Environment (8.0_221-b11) (build 1.8.0_221-b11)
# Java VM: Java HotSpot(TM) 64-Bit Server VM (25.221-b11 mixed mode windows-amd64 compressed oops)
# Failed to write core dump. Minidumps are not enabled by default on client versions of Windows
#

---------------  T H R E A D  ---------------

Current thread (0x0000000018e4e000):  JavaThread "C2 CompilerThread0" daemon [_thread_in_native, id=4368, stack(0x0000000019720000,0x0000000019820000)]

Stack: [0x0000000019720000,0x0000000019820000]
[error occurred during error reporting (printing stack bounds), id 0xc0000005]

Native frames: (J=compiled Java code, j=interpreted, Vv=VM code, C=native code)


Current CompileTask:
C2:   6068 1491       4       java.net.URLClassLoader$1::run (5 bytes)


---------------  P R O C E S S  ---------------

Java Threads: ( => current thread )
  0x000000001ac43000 JavaThread "Cache worker for journal cache (C:\Users\Laptop88\.gradle\caches\journal-1)" [_thread_blocked, id=4332, stack(0x000000001dc40000,0x000000001dd40000)]
  0x000000001ac43800 JavaThread "File lock request listener" [_thread_in_native, id=11720, stack(0x000000001db40000,0x000000001dc40000)]
  0x000000001ac40000 JavaThread "Cache worker for file hash cache (C:\Users\Laptop88\.gradle\caches\5.6.4\fileHashes)" [_thread_blocked, id=12716, stack(0x000000001d840000,0x000000001d940000)]
  0x000000001b974800 JavaThread "Thread-9" [_thread_blocked, id=4932, stack(0x000000001d740000,0x000000001d840000)]
  0x000000001b971000 JavaThread "Stdin handler" [_thread_blocked, id=13908, stack(0x000000001d640000,0x000000001d740000)]
  0x000000001b984000 JavaThread "Asynchronous log dispatcher for DefaultDaemonConnection: socket connection from /127.0.0.1:54457 to /127.0.0.1:54458" [_thread_blocked, id=14816, stack(0x000000001d440000,0x000000001d540000)]
  0x000000001b96f800 JavaThread "Daemon worker" [_thread_in_native, id=12232, stack(0x000000001d340000,0x000000001d440000)]
  0x000000001b96f000 JavaThread "Cancel handler" [_thread_blocked, id=10592, stack(0x000000001d240000,0x000000001d340000)]
  0x000000001b8e7800 JavaThread "Handler for socket connection from /127.0.0.1:54457 to /127.0.0.1:54458" [_thread_in_native, id=15172, stack(0x000000001cf40000,0x000000001d040000)]
  0x000000001b89a800 JavaThread "Daemon" [_thread_blocked, id=880, stack(0x000000001ce40000,0x000000001cf40000)]
  0x000000001b871800 JavaThread "Daemon periodic checks" [_thread_blocked, id=6388, stack(0x000000001cd40000,0x000000001ce40000)]
  0x000000001b86f800 JavaThread "Incoming local TCP Connector on port 54457" [_thread_in_native, id=9252, stack(0x000000001cb00000,0x000000001cc00000)]
  0x0000000019d2e800 JavaThread "Daemon health stats" [_thread_blocked, id=7548, stack(0x000000001c4c0000,0x000000001c5c0000)]
  0x0000000018ea3000 JavaThread "Service Thread" daemon [_thread_blocked, id=9516, stack(0x0000000019b20000,0x0000000019c20000)]
  0x0000000018e5b800 JavaThread "C1 CompilerThread3" daemon [_thread_blocked, id=868, stack(0x0000000019a20000,0x0000000019b20000)]
  0x0000000018e58800 JavaThread "C2 CompilerThread2" daemon [_thread_in_native, id=13672, stack(0x0000000019920000,0x0000000019a20000)]
  0x0000000018e54800 JavaThread "C2 CompilerThread1" daemon [_thread_blocked, id=9596, stack(0x0000000019820000,0x0000000019920000)]
=>0x0000000018e4e000 JavaThread "C2 CompilerThread0" daemon [_thread_in_native, id=4368, stack(0x0000000019720000,0x0000000019820000)]
  0x0000000018e49000 JavaThread "Attach Listener" daemon [_thread_blocked, id=5744, stack(0x0000000019620000,0x0000000019720000)]
  0x0000000018e48800 JavaThread "Signal Dispatcher" daemon [_thread_blocked, id=11640, stack(0x0000000019520000,0x0000000019620000)]
  0x000000000327c800 JavaThread "Finalizer" daemon [_thread_blocked, id=12704, stack(0x0000000019320000,0x0000000019420000)]
  0x0000000018e40800 JavaThread "Reference Handler" daemon [_thread_blocked, id=9636, stack(0x0000000019220000,0x0000000019320000)]
  0x0000000002f8e800 JavaThread "main" [_thread_blocked, id=14600, stack(0x0000000003080000,0x0000000003180000)]

Other Threads:
  0x0000000017039800 VMThread [stack: 0x0000000018d20000,0x0000000018e20000] [id=12540]
  0x0000000018ea4800 WatcherThread [stack: 0x0000000019c20000,0x0000000019d20000] [id=4364]

VM state:not at safepoint (normal execution)

VM Mutex/Monitor currently owned by a thread: None

heap address: 0x00000000a0000000, size: 1536 MB, Compressed Oops mode: 32-bit
Narrow klass base: 0x0000000000000000, Narrow klass shift: 3
Compressed class space size: 1073741824 Address: 0x0000000100000000

Heap:
 PSYoungGen      total 38400K, used 11703K [0x00000000e0000000, 0x00000000e2a80000, 0x0000000100000000)
  eden space 33280K, 19% used [0x00000000e0000000,0x00000000e0675c40,0x00000000e2080000)
  from space 5120K, 99% used [0x00000000e2580000,0x00000000e2a78020,0x00000000e2a80000)
  to   space 5120K, 0% used [0x00000000e2080000,0x00000000e2080000,0x00000000e2580000)
 ParOldGen       total 87552K, used 3924K [0x00000000a0000000, 0x00000000a5580000, 0x00000000e0000000)
  object space 87552K, 4% used [0x00000000a0000000,0x00000000a03d50a0,0x00000000a5580000)
 Metaspace       used 15498K, capacity 15942K, committed 16256K, reserved 1062912K
  class space    used 2241K, capacity 2403K, committed 2432K, reserved 1048576K

Card table byte_map: [0x0000000012640000,0x0000000012950000] byte_map_base: 0x0000000012140000

Marking Bits: (ParMarkBitMap*) 0x000000005b315ce0
 Begin Bits: [0x0000000013350000, 0x0000000014b50000)
 End Bits:   [0x0000000014b50000, 0x0000000016350000)

Polling page: 0x0000000001720000

CodeCache: size=245760Kb used=5519Kb max_used=5530Kb free=240240Kb
 bounds [0x0000000003280000, 0x00000000037f0000, 0x0000000012280000]
 total_blobs=1960 nmethods=1570 adapters=302
 compilation: enabled

Compilation events (10 events):
Event: 6.038 Thread 0x0000000018e5b800 1568       3       com.google.common.collect.Hashing::smear (19 bytes)
Event: 6.039 Thread 0x0000000018e5b800 nmethod 1568 0x00000000037e4d90 code [0x00000000037e4ee0, 0x00000000037e50b0]
Event: 6.039 Thread 0x0000000018e5b800 1569       3       java.lang.Integer::rotateLeft (9 bytes)
Event: 6.039 Thread 0x0000000018e5b800 nmethod 1569 0x00000000037e5150 code [0x00000000037e52a0, 0x00000000037e53f0]
Event: 6.043 Thread 0x0000000018e5b800 1570       3       java.lang.Package::<init> (56 bytes)
Event: 6.044 Thread 0x0000000018e5b800 nmethod 1570 0x00000000037e5450 code [0x00000000037e55a0, 0x00000000037e5810]
Event: 6.054 Thread 0x0000000018e5b800 1571       3       java.nio.HeapByteBuffer::ix (7 bytes)
Event: 6.054 Thread 0x0000000018e5b800 nmethod 1571 0x00000000037e58d0 code [0x00000000037e5a20, 0x00000000037e5b70]
Event: 6.062 Thread 0x0000000018e54800 1572       4       java.util.regex.Pattern::has (15 bytes)
Event: 6.063 Thread 0x0000000018e54800 nmethod 1572 0x00000000037e8850 code [0x00000000037e8980, 0x00000000037e89f8]

GC Heap History (8 events):
Event: 1.185 GC heap before
{Heap before GC invocations=1 (full 0):
 PSYoungGen      total 38400K, used 33280K [0x00000000e0000000, 0x00000000e2a80000, 0x0000000100000000)
  eden space 33280K, 100% used [0x00000000e0000000,0x00000000e2080000,0x00000000e2080000)
  from space 5120K, 0% used [0x00000000e2580000,0x00000000e2580000,0x00000000e2a80000)
  to   space 5120K, 0% used [0x00000000e2080000,0x00000000e2080000,0x00000000e2580000)
 ParOldGen       total 87552K, used 0K [0x00000000a0000000, 0x00000000a5580000, 0x00000000e0000000)
  object space 87552K, 0% used [0x00000000a0000000,0x00000000a0000000,0x00000000a5580000)
 Metaspace       used 6770K, capacity 6984K, committed 7168K, reserved 1056768K
  class space    used 849K, capacity 908K, committed 1024K, reserved 1048576K
Event: 1.192 GC heap after
Heap after GC invocations=1 (full 0):
 PSYoungGen      total 38400K, used 4316K [0x00000000e0000000, 0x00000000e2a80000, 0x0000000100000000)
  eden space 33280K, 0% used [0x00000000e0000000,0x00000000e0000000,0x00000000e2080000)
  from space 5120K, 84% used [0x00000000e2080000,0x00000000e24b7050,0x00000000e2580000)
  to   space 5120K, 0% used [0x00000000e2580000,0x00000000e2580000,0x00000000e2a80000)
 ParOldGen       total 87552K, used 16K [0x00000000a0000000, 0x00000000a5580000, 0x00000000e0000000)
  object space 87552K, 0% used [0x00000000a0000000,0x00000000a0004000,0x00000000a5580000)
 Metaspace       used 6770K, capacity 6984K, committed 7168K, reserved 1056768K
  class space    used 849K, capacity 908K, committed 1024K, reserved 1048576K
}
Event: 1.705 GC heap before
{Heap before GC invocations=2 (full 0):
 PSYoungGen      total 38400K, used 37596K [0x00000000e0000000, 0x00000000e2a80000, 0x0000000100000000)
  eden space 33280K, 100% used [0x00000000e0000000,0x00000000e2080000,0x00000000e2080000)
  from space 5120K, 84% used [0x00000000e2080000,0x00000000e24b7050,0x00000000e2580000)
  to   space 5120K, 0% used [0x00000000e2580000,0x00000000e2580000,0x00000000e2a80000)
 ParOldGen       total 87552K, used 16K [0x00000000a0000000, 0x00000000a5580000, 0x00000000e0000000)
  object space 87552K, 0% used [0x00000000a0000000,0x00000000a0004000,0x00000000a5580000)
 Metaspace       used 7115K, capacity 7330K, committed 7424K, reserved 1056768K
  class space    used 902K, capacity 981K, committed 1024K, reserved 1048576K
Event: 1.712 GC heap after
Heap after GC invocations=2 (full 0):
 PSYoungGen      total 38400K, used 3425K [0x00000000e0000000, 0x00000000e2a80000, 0x0000000100000000)
  eden space 33280K, 0% used [0x00000000e0000000,0x00000000e0000000,0x00000000e2080000)
  from space 5120K, 66% used [0x00000000e2580000,0x00000000e28d8510,0x00000000e2a80000)
  to   space 5120K, 0% used [0x00000000e2080000,0x00000000e2080000,0x00000000e2580000)
 ParOldGen       total 87552K, used 24K [0x00000000a0000000, 0x00000000a5580000, 0x00000000e0000000)
  object space 87552K, 0% used [0x00000000a0000000,0x00000000a0006000,0x00000000a5580000)
 Metaspace       used 7115K, capacity 7330K, committed 7424K, reserved 1056768K
  class space    used 902K, capacity 981K, committed 1024K, reserved 1048576K
}
Event: 5.023 GC heap before
{Heap before GC invocations=3 (full 0):
 PSYoungGen      total 38400K, used 36698K [0x00000000e0000000, 0x00000000e2a80000, 0x0000000100000000)
  eden space 33280K, 99% used [0x00000000e0000000,0x00000000e207e558,0x00000000e2080000)
  from space 5120K, 66% used [0x00000000e2580000,0x00000000e28d8510,0x00000000e2a80000)
  to   space 5120K, 0% used [0x00000000e2080000,0x00000000e2080000,0x00000000e2580000)
 ParOldGen       total 87552K, used 24K [0x00000000a0000000, 0x00000000a5580000, 0x00000000e0000000)
  object space 87552K, 0% used [0x00000000a0000000,0x00000000a0006000,0x00000000a5580000)
 Metaspace       used 12491K, capacity 12882K, committed 13184K, reserved 1060864K
  class space    used 1725K, capacity 1867K, committed 1920K, reserved 1048576K
Event: 5.036 GC heap after
Heap after GC invocations=3 (full 0):
 PSYoungGen      total 38400K, used 5092K [0x00000000e0000000, 0x00000000e2a80000, 0x0000000100000000)
  eden space 33280K, 0% used [0x00000000e0000000,0x00000000e0000000,0x00000000e2080000)
  from space 5120K, 99% used [0x00000000e2080000,0x00000000e2579388,0x00000000e2580000)
  to   space 5120K, 0% used [0x00000000e2580000,0x00000000e2580000,0x00000000e2a80000)
 ParOldGen       total 87552K, used 1499K [0x00000000a0000000, 0x00000000a5580000, 0x00000000e0000000)
  object space 87552K, 1% used [0x00000000a0000000,0x00000000a0176c38,0x00000000a5580000)
 Metaspace       used 12491K, capacity 12882K, committed 13184K, reserved 1060864K
  class space    used 1725K, capacity 1867K, committed 1920K, reserved 1048576K
}
Event: 5.731 GC heap before
{Heap before GC invocations=4 (full 0):
 PSYoungGen      total 38400K, used 38372K [0x00000000e0000000, 0x00000000e2a80000, 0x0000000100000000)
  eden space 33280K, 100% used [0x00000000e0000000,0x00000000e2080000,0x00000000e2080000)
  from space 5120K, 99% used [0x00000000e2080000,0x00000000e2579388,0x00000000e2580000)
  to   space 5120K, 0% used [0x00000000e2580000,0x00000000e2580000,0x00000000e2a80000)
 ParOldGen       total 87552K, used 1499K [0x00000000a0000000, 0x00000000a5580000, 0x00000000e0000000)
  object space 87552K, 1% used [0x00000000a0000000,0x00000000a0176c38,0x00000000a5580000)
 Metaspace       used 14755K, capacity 15134K, committed 15360K, reserved 1062912K
  class space    used 2120K, capacity 2257K, committed 2304K, reserved 1048576K
Event: 5.769 GC heap after
Heap after GC invocations=4 (full 0):
 PSYoungGen      total 38400K, used 5088K [0x00000000e0000000, 0x00000000e2a80000, 0x0000000100000000)
  eden space 33280K, 0% used [0x00000000e0000000,0x00000000e0000000,0x00000000e2080000)
  from space 5120K, 99% used [0x00000000e2580000,0x00000000e2a78020,0x00000000e2a80000)
  to   space 5120K, 0% used [0x00000000e2080000,0x00000000e2080000,0x00000000e2580000)
 ParOldGen       total 87552K, used 3924K [0x00000000a0000000, 0x00000000a5580000, 0x00000000e0000000)
  object space 87552K, 4% used [0x00000000a0000000,0x00000000a03d50a0,0x00000000a5580000)
 Metaspace       used 14755K, capacity 15134K, committed 15360K, reserved 1062912K
  class space    used 2120K, capacity 2257K, committed 2304K, reserved 1048576K
}

Deoptimization events (10 events):
Event: 2.634 Thread 0x0000000002f8e800 Uncommon trap: reason=unstable_if action=reinterpret pc=0x0000000003559604 method=java.io.WinNTFileSystem.normalize(Ljava/lang/String;)Ljava/lang/String; @ 128
Event: 4.527 Thread 0x000000001b8e7800 Uncommon trap: reason=unstable_if action=reinterpret pc=0x00000000036770f0 method=java.util.concurrent.ConcurrentHashMap.putVal(Ljava/lang/Object;Ljava/lang/Object;Z)Ljava/lang/Object; @ 206
Event: 4.764 Thread 0x000000001b96f800 Uncommon trap: reason=bimorphic action=maybe_recompile pc=0x00000000035220e8 method=java.util.HashMap.putVal(ILjava/lang/Object;Ljava/lang/Object;ZZ)Ljava/lang/Object; @ 253
Event: 4.764 Thread 0x000000001b96f800 Uncommon trap: reason=bimorphic action=maybe_recompile pc=0x00000000035220e8 method=java.util.HashMap.putVal(ILjava/lang/Object;Ljava/lang/Object;ZZ)Ljava/lang/Object; @ 253
Event: 4.765 Thread 0x000000001b96f800 Uncommon trap: reason=bimorphic action=maybe_recompile pc=0x00000000035220e8 method=java.util.HashMap.putVal(ILjava/lang/Object;Ljava/lang/Object;ZZ)Ljava/lang/Object; @ 253
Event: 4.765 Thread 0x000000001b96f800 Uncommon trap: reason=bimorphic action=maybe_recompile pc=0x00000000035199cc method=java.util.HashMap.putVal(ILjava/lang/Object;Ljava/lang/Object;ZZ)Ljava/lang/Object; @ 253
Event: 5.282 Thread 0x000000001b96f800 Uncommon trap: reason=class_check action=maybe_recompile pc=0x000000000356fc84 method=java.util.regex.Matcher.match(II)Z @ 86
Event: 5.312 Thread 0x000000001b96f800 Uncommon trap: reason=class_check action=maybe_recompile pc=0x000000000356fc84 method=java.util.regex.Matcher.match(II)Z @ 86
Event: 5.313 Thread 0x000000001b96f800 Uncommon trap: reason=class_check action=maybe_recompile pc=0x000000000356fc84 method=java.util.regex.Matcher.match(II)Z @ 86
Event: 5.313 Thread 0x000000001b96f800 Uncommon trap: reason=class_check action=maybe_recompile pc=0x00000000033f0f20 method=java.util.regex.Matcher.match(II)Z @ 86

Classes redefined (0 events):
No events

Internal exceptions (10 events):
Event: 4.554 Thread 0x000000001b8e7800 Exception <a 'java/lang/NoSuchMethodError': <clinit>> (0x00000000e1889fc0) thrown at [C:\re\workspace\8-2-build-windows-amd64-cygwin\jdk8u221\13320\hotspot\src\share\vm\prims\jni.cpp, line 1614]
Event: 4.565 Thread 0x000000001b8e7800 Exception <a 'java/lang/NoSuchMethodError': <clinit>> (0x00000000e18a1fd0) thrown at [C:\re\workspace\8-2-build-windows-amd64-cygwin\jdk8u221\13320\hotspot\src\share\vm\prims\jni.cpp, line 1614]
Event: 4.566 Thread 0x000000001b8e7800 Exception <a 'java/lang/NoSuchMethodError': <clinit>> (0x00000000e18aac60) thrown at [C:\re\workspace\8-2-build-windows-amd64-cygwin\jdk8u221\13320\hotspot\src\share\vm\prims\jni.cpp, line 1614]
Event: 4.570 Thread 0x000000001b8e7800 Exception <a 'java/lang/NoSuchMethodError': <clinit>> (0x00000000e18c12b8) thrown at [C:\re\workspace\8-2-build-windows-amd64-cygwin\jdk8u221\13320\hotspot\src\share\vm\prims\jni.cpp, line 1614]
Event: 4.607 Thread 0x000000001b8e7800 Exception <a 'java/lang/NoSuchMethodError': <clinit>> (0x00000000e192ae38) thrown at [C:\re\workspace\8-2-build-windows-amd64-cygwin\jdk8u221\13320\hotspot\src\share\vm\prims\jni.cpp, line 1614]
Event: 4.616 Thread 0x000000001b8e7800 Exception <a 'java/lang/NoSuchMethodError': <clinit>> (0x00000000e1957da0) thrown at [C:\re\workspace\8-2-build-windows-amd64-cygwin\jdk8u221\13320\hotspot\src\share\vm\prims\jni.cpp, line 1614]
Event: 4.629 Thread 0x000000001b8e7800 Exception <a 'java/lang/NoSuchMethodError': <clinit>> (0x00000000e1975700) thrown at [C:\re\workspace\8-2-build-windows-amd64-cygwin\jdk8u221\13320\hotspot\src\share\vm\prims\jni.cpp, line 1614]
Event: 5.993 Thread 0x000000001b96f800 Exception <a 'java/lang/NoSuchMethodError': java.lang.Object.lambda$and$0(Ljava/util/function/Predicate;Ljava/lang/Object;)Z> (0x00000000e04bee70) thrown at [C:\re\workspace\8-2-build-windows-amd64-cygwin\jdk8u221\13320\hotspot\src\share\vm\interpreter\li
Event: 6.031 Thread 0x000000001b96f800 Exception <a 'java/lang/IncompatibleClassChangeError': Found class java.lang.Object, but interface was expected> (0x00000000e04d5160) thrown at [C:\re\workspace\8-2-build-windows-amd64-cygwin\jdk8u221\13320\hotspot\src\share\vm\interpreter\linkResolver.cp
Event: 6.038 Thread 0x000000001b96f800 Exception <a 'java/lang/NoSuchMethodError': java.lang.Object.lambda$or$2(Ljava/util/function/Predicate;Ljava/lang/Object;)Z> (0x00000000e04da070) thrown at [C:\re\workspace\8-2-build-windows-amd64-cygwin\jdk8u221\13320\hotspot\src\share\vm\interpreter\lin

Events (10 events):
Event: 6.065 loading class org/gradle/internal/typeconversion/NotationConverterToNotationParserAdapter
Event: 6.065 loading class org/gradle/internal/typeconversion/NotationConverterToNotationParserAdapter done
Event: 6.065 loading class org/gradle/internal/typeconversion/NotationConvertResult
Event: 6.065 loading class org/gradle/internal/typeconversion/NotationConvertResult done
Event: 6.066 loading class org/gradle/internal/typeconversion/UnsupportedNotationException
Event: 6.066 loading class org/gradle/internal/typeconversion/UnsupportedNotationException done
Event: 6.066 loading class org/gradle/internal/typeconversion/TypeConversionException
Event: 6.066 loading class org/gradle/internal/typeconversion/TypeConversionException done
Event: 6.066 loading class org/gradle/internal/typeconversion/ErrorHandlingNotationParser
Event: 6.066 loading class org/gradle/internal/typeconversion/ErrorHandlingNotationParser done


Dynamic libraries:
0x00007ff7b46d0000 - 0x00007ff7b4707000 	C:\Program Files\Java\jdk1.8.0_221\bin\java.exe
0x00007ffec1e60000 - 0x00007ffec2050000 	C:\Windows\SYSTEM32\ntdll.dll
0x00007ffec1a20000 - 0x00007ffec1ad2000 	C:\Windows\System32\KERNEL32.DLL
0x00007ffebee20000 - 0x00007ffebf0c3000 	C:\Windows\System32\KERNELBASE.dll
0x00007ffec1680000 - 0x00007ffec1723000 	C:\Windows\System32\ADVAPI32.dll
0x00007ffec1ae0000 - 0x00007ffec1b7e000 	C:\Windows\System32\msvcrt.dll
0x00007ffec1d00000 - 0x00007ffec1d97000 	C:\Windows\System32\sechost.dll
0x00007ffec06b0000 - 0x00007ffec07d0000 	C:\Windows\System32\RPCRT4.dll
0x00007ffec14e0000 - 0x00007ffec1674000 	C:\Windows\System32\USER32.dll
0x00007ffebf0d0000 - 0x00007ffebf0f1000 	C:\Windows\System32\win32u.dll
0x00007ffec07e0000 - 0x00007ffec0806000 	C:\Windows\System32\GDI32.dll
0x00007ffebfa50000 - 0x00007ffebfbe4000 	C:\Windows\System32\gdi32full.dll
0x00007ffebfda0000 - 0x00007ffebfe3e000 	C:\Windows\System32\msvcp_win.dll
0x00007ffebf950000 - 0x00007ffebfa4a000 	C:\Windows\System32\ucrtbase.dll
0x00007ffeb18a0000 - 0x00007ffeb1b25000 	C:\Windows\WinSxS\amd64_microsoft.windows.common-controls_6595b64144ccf1df_6.0.18362.657_none_e6c5b579130e3898\COMCTL32.dll
0x00007ffec11a0000 - 0x00007ffec14d6000 	C:\Windows\System32\combase.dll
0x00007ffebfe40000 - 0x00007ffebfec0000 	C:\Windows\System32\bcryptPrimitives.dll
0x00007ffec0a70000 - 0x00007ffec0a9e000 	C:\Windows\System32\IMM32.DLL
0x000000005b3a0000 - 0x000000005b472000 	C:\Program Files\Java\jdk1.8.0_221\jre\bin\msvcr100.dll
0x000000005aaf0000 - 0x000000005b395000 	C:\Program Files\Java\jdk1.8.0_221\jre\bin\server\jvm.dll
0x00007ffec1190000 - 0x00007ffec1198000 	C:\Windows\System32\PSAPI.DLL
0x00007ffebafa0000 - 0x00007ffebafa9000 	C:\Windows\SYSTEM32\WSOCK32.dll
0x00007ffeb7920000 - 0x00007ffeb792a000 	C:\Windows\SYSTEM32\VERSION.dll
0x00007ffeb6a80000 - 0x00007ffeb6aa4000 	C:\Windows\SYSTEM32\WINMM.dll
0x00007ffec18e0000 - 0x00007ffec194f000 	C:\Windows\System32\WS2_32.dll
0x00007ffeb6a50000 - 0x00007ffeb6a7d000 	C:\Windows\SYSTEM32\winmmbase.dll
0x00007ffebfec0000 - 0x00007ffebff0a000 	C:\Windows\System32\cfgmgr32.dll
0x00007ffeab940000 - 0x00007ffeab94f000 	C:\Program Files\Java\jdk1.8.0_221\jre\bin\verify.dll
0x00007ffe94970000 - 0x00007ffe94999000 	C:\Program Files\Java\jdk1.8.0_221\jre\bin\java.dll
0x00007ffeab840000 - 0x00007ffeab856000 	C:\Program Files\Java\jdk1.8.0_221\jre\bin\zip.dll
0x00007ffec0aa0000 - 0x00007ffec1185000 	C:\Windows\System32\SHELL32.dll
0x00007ffec1bf0000 - 0x00007ffec1c99000 	C:\Windows\System32\shcore.dll
0x00007ffebf120000 - 0x00007ffebf89f000 	C:\Windows\System32\windows.storage.dll
0x00007ffebed60000 - 0x00007ffebed7f000 	C:\Windows\System32\profapi.dll
0x00007ffebed80000 - 0x00007ffebedca000 	C:\Windows\System32\powrprof.dll
0x00007ffebed30000 - 0x00007ffebed40000 	C:\Windows\System32\UMPDC.dll
0x00007ffec0650000 - 0x00007ffec06a2000 	C:\Windows\System32\shlwapi.dll
0x00007ffebed40000 - 0x00007ffebed51000 	C:\Windows\System32\kernel.appcore.dll
0x00007ffebf100000 - 0x00007ffebf117000 	C:\Windows\System32\cryptsp.dll
0x00007ffeaa910000 - 0x00007ffeaa92a000 	C:\Program Files\Java\jdk1.8.0_221\jre\bin\net.dll
0x00007ffeb2ac0000 - 0x00007ffeb2c96000 	C:\Windows\SYSTEM32\urlmon.dll
0x00007ffeb22c0000 - 0x00007ffeb2566000 	C:\Windows\SYSTEM32\iertutil.dll
0x00007ffebe770000 - 0x00007ffebe77c000 	C:\Windows\SYSTEM32\CRYPTBASE.DLL
0x00007ffebe5a0000 - 0x00007ffebe607000 	C:\Windows\system32\mswsock.dll
0x00007ffea6b20000 - 0x00007ffea6b32000 	C:\Program Files\Java\jdk1.8.0_221\jre\bin\nio.dll
0x00007ffea6910000 - 0x00007ffea6936000 	C:\Users\Laptop88\.gradle\native\30\windows-amd64\native-platform.dll
0x00007ffeab930000 - 0x00007ffeab93d000 	C:\Program Files\Java\jdk1.8.0_221\jre\bin\management.dll
0x00007ffebe110000 - 0x00007ffebe143000 	C:\Windows\system32\rsaenh.dll
0x00007ffebedf0000 - 0x00007ffebee16000 	C:\Windows\System32\bcrypt.dll
0x00007ffebec50000 - 0x00007ffebec75000 	C:\Windows\SYSTEM32\USERENV.dll
0x00007ffebe2b0000 - 0x00007ffebe2ea000 	C:\Windows\SYSTEM32\IPHLPAPI.DLL
0x00007ffec07d0000 - 0x00007ffec07d8000 	C:\Windows\System32\NSI.dll
0x00007ffeb8f20000 - 0x00007ffeb8f36000 	C:\Windows\SYSTEM32\dhcpcsvc6.DLL
0x00007ffeb9420000 - 0x00007ffeb943c000 	C:\Windows\SYSTEM32\dhcpcsvc.DLL
0x00007ffebe2f0000 - 0x00007ffebe3ba000 	C:\Windows\SYSTEM32\DNSAPI.dll

VM Arguments:
jvm_args: -Xmx1536m -Dfile.encoding=windows-1252 -Duser.country=US -Duser.language=en -Duser.variant 
java_command: org.gradle.launcher.daemon.bootstrap.GradleDaemon 5.6.4
java_class_path (initial): C:\Users\Laptop88\.gradle\wrapper\dists\gradle-5.6.4-all\ankdp27end7byghfw1q2sw75f\gradle-5.6.4\lib\gradle-launcher-5.6.4.jar
Launcher Type: SUN_STANDARD

Environment Variables:
JAVA_HOME=C:\Program Files\Java\jdk1.8.0_221
PATH=C:\Program Files (x86)\Common Files\Oracle\Java\javapath;C:\Windows\system32;C:\Windows;C:\Windows\System32\Wbem;C:\Windows\System32\WindowsPowerShell\v1.0\;C:\Windows\System32\OpenSSH\;C:\Program Files (x86)\AMD\ATI.ACE\Core-Static;C:\Program Files\nodejs\;D:\Program Files\Git\cmd;C:\Users\Laptop88\AppData\Local\Android\Sdk;C:\Users\Laptop88\AppData\Local\Android\Sdk\platform-tools;C:\Program Files\Dart\dart-sdk\bin;C:\Program Files\Java\jdk1.8.0_221\bin;C:\Program Files\MongoDB\Server\4.2\bin;C:\Users\Laptop88\AppData\Local\Programs\Python\Python37-32\Scripts\;C:\Users\Laptop88\AppData\Local\Programs\Python\Python37-32\;C:\Users\Laptop88\AppData\Local\Microsoft\WindowsApps;C:\Users\Laptop88\AppData\Roaming\npm;D:\Program Files\Microsoft VS Code\bin;C:\Users\Laptop88\AppData\Local\Android\Sdk\platform-tools;D:\Program Files\JetBrains\IntelliJ IDEA Community Edition 2019.2.3\bin;;D:\SDK\FlutterSDK\flutter\bin;C:\Program Files\MongoDB\Server\4.2\bin;
USERNAME=Tun
OS=Windows_NT
PROCESSOR_IDENTIFIER=Intel64 Family 6 Model 60 Stepping 3, GenuineIntel



---------------  S Y S T E M  ---------------

OS: Windows 10.0 , 64 bit Build 18362 (10.0.18362.329)

CPU:total 8 (initial active 8) (4 cores per cpu, 2 threads per core) family 6 model 60 stepping 3, cmov, cx8, fxsr, mmx, sse, sse2, sse3, ssse3, sse4.1, sse4.2, popcnt, avx, avx2, aes, clmul, erms, lzcnt, ht, tsc, tscinvbit, bmi1, bmi2

Memory: 4k page, physical 8291444k(350396k free), swap 21484656k(7100k free)

vm_info: Java HotSpot(TM) 64-Bit Server VM (25.221-b11) for windows-amd64 JRE (1.8.0_221-b11), built on Jul  4 2019 04:39:29 by "java_re" with MS VC++ 10.0 (VS2010)

time: Thu Feb 27 17:47:02 2020
timezone: SE Asia Standard Time
elapsed time: 6 seconds (0d 0h 0m 6s)

